<?xml version="1.0" encoding="utf-8"?><testsuites><testsuite name="pytest" errors="0" failures="1" skipped="0" tests="7" time="8.142" timestamp="2021-07-30T15:32:26.314751" hostname="nba-196-74"><testcase classname="test_widget" name="test_widget_functions_as_expected" time="0.001" /><testcase classname="test_widget" name="test_widget_fails" time="0.001"><failure message="assert False">&gt;   ???
E   assert False

C:\Users\artsiom.siadun\venvs\demoenv39\Scripts\99. temp\test_widget.py:5: AssertionError</failure></testcase><testcase classname="car.body.test_body.BodyTest" name="test_can_navigate_to_body_page" time="1.912" /><testcase classname="car.body.test_body.BodyTest" name="test_bumper" time="0.000" /><testcase classname="car.body.test_body.BodyTest" name="test_windshield" time="0.001" /><testcase classname="car.engine.test_engine" name="test_can_navigate_to_intertainment_page" time="2.777" /><testcase classname="car.entertainment.test_entertainment" name="test_can_navigate_to_intertainment_page" time="3.306" /></testsuite></testsuites>